<?xml version="1.0" encoding="UTF-8"?>
<testsuite xmlns:xsi="http://www.w3.org/2001/XMLSchema-instance" xsi:noNamespaceSchemaLocation="https://maven.apache.org/surefire/maven-surefire-plugin/xsd/surefire-test-report.xsd" name="selenium.ExampleSeleniumTest" time="185.386" tests="35" errors="2" skipped="0" failures="1">
  <properties>
    <property name="java.specification.version" value="16"/>
    <property name="sun.jnu.encoding" value="UTF-8"/>
    <property name="java.class.path" value="/Users/patrickloranger/Documents/4. Summer Term 2021/SEG 3103/seg3103_playground/Assignment-3/BookstoreApp/target/test-classes:/Users/patrickloranger/Documents/4. Summer Term 2021/SEG 3103/seg3103_playground/Assignment-3/BookstoreApp/target/classes:/Users/patrickloranger/.m2/repository/io/cucumber/cucumber-java/4.2.6/cucumber-java-4.2.6.jar:/Users/patrickloranger/.m2/repository/io/cucumber/cucumber-core/4.2.6/cucumber-core-4.2.6.jar:/Users/patrickloranger/.m2/repository/io/cucumber/cucumber-html/0.2.7/cucumber-html-0.2.7.jar:/Users/patrickloranger/.m2/repository/io/cucumber/gherkin/5.1.0/gherkin-5.1.0.jar:/Users/patrickloranger/.m2/repository/io/cucumber/tag-expressions/1.1.1/tag-expressions-1.1.1.jar:/Users/patrickloranger/.m2/repository/io/cucumber/cucumber-expressions/6.2.0/cucumber-expressions-6.2.0.jar:/Users/patrickloranger/.m2/repository/io/cucumber/datatable/1.1.12/datatable-1.1.12.jar:/Users/patrickloranger/.m2/repository/io/cucumber/datatable-dependencies/1.1.12/datatable-dependencies-1.1.12.jar:/Users/patrickloranger/.m2/repository/io/cucumber/cucumber-junit/4.2.6/cucumber-junit-4.2.6.jar:/Users/patrickloranger/.m2/repository/junit/junit/4.12/junit-4.12.jar:/Users/patrickloranger/.m2/repository/org/hamcrest/hamcrest-core/1.3/hamcrest-core-1.3.jar:/Users/patrickloranger/.m2/repository/org/seleniumhq/selenium/selenium-java/3.141.59/selenium-java-3.141.59.jar:/Users/patrickloranger/.m2/repository/org/seleniumhq/selenium/selenium-api/3.141.59/selenium-api-3.141.59.jar:/Users/patrickloranger/.m2/repository/org/seleniumhq/selenium/selenium-chrome-driver/3.141.59/selenium-chrome-driver-3.141.59.jar:/Users/patrickloranger/.m2/repository/org/seleniumhq/selenium/selenium-edge-driver/3.141.59/selenium-edge-driver-3.141.59.jar:/Users/patrickloranger/.m2/repository/org/seleniumhq/selenium/selenium-firefox-driver/3.141.59/selenium-firefox-driver-3.141.59.jar:/Users/patrickloranger/.m2/repository/org/seleniumhq/selenium/selenium-ie-driver/3.141.59/selenium-ie-driver-3.141.59.jar:/Users/patrickloranger/.m2/repository/org/seleniumhq/selenium/selenium-opera-driver/3.141.59/selenium-opera-driver-3.141.59.jar:/Users/patrickloranger/.m2/repository/org/seleniumhq/selenium/selenium-remote-driver/3.141.59/selenium-remote-driver-3.141.59.jar:/Users/patrickloranger/.m2/repository/org/seleniumhq/selenium/selenium-safari-driver/3.141.59/selenium-safari-driver-3.141.59.jar:/Users/patrickloranger/.m2/repository/org/seleniumhq/selenium/selenium-support/3.141.59/selenium-support-3.141.59.jar:/Users/patrickloranger/.m2/repository/net/bytebuddy/byte-buddy/1.8.15/byte-buddy-1.8.15.jar:/Users/patrickloranger/.m2/repository/org/apache/commons/commons-exec/1.3/commons-exec-1.3.jar:/Users/patrickloranger/.m2/repository/com/google/guava/guava/25.0-jre/guava-25.0-jre.jar:/Users/patrickloranger/.m2/repository/com/google/code/findbugs/jsr305/1.3.9/jsr305-1.3.9.jar:/Users/patrickloranger/.m2/repository/org/checkerframework/checker-compat-qual/2.0.0/checker-compat-qual-2.0.0.jar:/Users/patrickloranger/.m2/repository/com/google/errorprone/error_prone_annotations/2.1.3/error_prone_annotations-2.1.3.jar:/Users/patrickloranger/.m2/repository/com/google/j2objc/j2objc-annotations/1.1/j2objc-annotations-1.1.jar:/Users/patrickloranger/.m2/repository/org/codehaus/mojo/animal-sniffer-annotations/1.14/animal-sniffer-annotations-1.14.jar:/Users/patrickloranger/.m2/repository/com/squareup/okhttp3/okhttp/3.11.0/okhttp-3.11.0.jar:/Users/patrickloranger/.m2/repository/com/squareup/okio/okio/1.14.0/okio-1.14.0.jar:/Users/patrickloranger/.m2/repository/org/seleniumhq/selenium/htmlunit-driver/2.33.2/htmlunit-driver-2.33.2.jar:/Users/patrickloranger/.m2/repository/net/sourceforge/htmlunit/htmlunit/2.33/htmlunit-2.33.jar:/Users/patrickloranger/.m2/repository/xalan/xalan/2.7.2/xalan-2.7.2.jar:/Users/patrickloranger/.m2/repository/xalan/serializer/2.7.2/serializer-2.7.2.jar:/Users/patrickloranger/.m2/repository/org/apache/commons/commons-text/1.4/commons-text-1.4.jar:/Users/patrickloranger/.m2/repository/org/apache/httpcomponents/httpmime/4.5.6/httpmime-4.5.6.jar:/Users/patrickloranger/.m2/repository/org/apache/httpcomponents/httpclient/4.5.6/httpclient-4.5.6.jar:/Users/patrickloranger/.m2/repository/org/apache/httpcomponents/httpcore/4.4.10/httpcore-4.4.10.jar:/Users/patrickloranger/.m2/repository/net/sourceforge/htmlunit/htmlunit-core-js/2.33/htmlunit-core-js-2.33.jar:/Users/patrickloranger/.m2/repository/net/sourceforge/htmlunit/neko-htmlunit/2.33/neko-htmlunit-2.33.jar:/Users/patrickloranger/.m2/repository/xerces/xercesImpl/2.12.0/xercesImpl-2.12.0.jar:/Users/patrickloranger/.m2/repository/xml-apis/xml-apis/1.4.01/xml-apis-1.4.01.jar:/Users/patrickloranger/.m2/repository/net/sourceforge/htmlunit/htmlunit-cssparser/1.2.0/htmlunit-cssparser-1.2.0.jar:/Users/patrickloranger/.m2/repository/commons-logging/commons-logging/1.2/commons-logging-1.2.jar:/Users/patrickloranger/.m2/repository/commons-net/commons-net/3.6/commons-net-3.6.jar:/Users/patrickloranger/.m2/repository/org/eclipse/jetty/websocket/websocket-client/9.4.12.v20180830/websocket-client-9.4.12.v20180830.jar:/Users/patrickloranger/.m2/repository/org/eclipse/jetty/jetty-client/9.4.12.v20180830/jetty-client-9.4.12.v20180830.jar:/Users/patrickloranger/.m2/repository/org/eclipse/jetty/jetty-http/9.4.12.v20180830/jetty-http-9.4.12.v20180830.jar:/Users/patrickloranger/.m2/repository/org/eclipse/jetty/jetty-xml/9.4.12.v20180830/jetty-xml-9.4.12.v20180830.jar:/Users/patrickloranger/.m2/repository/org/eclipse/jetty/jetty-util/9.4.12.v20180830/jetty-util-9.4.12.v20180830.jar:/Users/patrickloranger/.m2/repository/org/eclipse/jetty/jetty-io/9.4.12.v20180830/jetty-io-9.4.12.v20180830.jar:/Users/patrickloranger/.m2/repository/org/eclipse/jetty/websocket/websocket-common/9.4.12.v20180830/websocket-common-9.4.12.v20180830.jar:/Users/patrickloranger/.m2/repository/org/eclipse/jetty/websocket/websocket-api/9.4.12.v20180830/websocket-api-9.4.12.v20180830.jar:/Users/patrickloranger/.m2/repository/org/seleniumhq/selenium/selenium-server/3.141.59/selenium-server-3.141.59.jar:/Users/patrickloranger/.m2/repository/com/beust/jcommander/1.72/jcommander-1.72.jar:/Users/patrickloranger/.m2/repository/net/jcip/jcip-annotations/1.0/jcip-annotations-1.0.jar:/Users/patrickloranger/.m2/repository/org/seleniumhq/selenium/jetty-repacked/9.4.12.v20180830/jetty-repacked-9.4.12.v20180830.jar:/Users/patrickloranger/.m2/repository/javax/servlet/javax.servlet-api/3.1.0/javax.servlet-api-3.1.0.jar:/Users/patrickloranger/.m2/repository/org/yaml/snakeyaml/1.19/snakeyaml-1.19.jar:/Users/patrickloranger/.m2/repository/org/junit/jupiter/junit-jupiter-api/5.7.2/junit-jupiter-api-5.7.2.jar:/Users/patrickloranger/.m2/repository/org/apiguardian/apiguardian-api/1.1.0/apiguardian-api-1.1.0.jar:/Users/patrickloranger/.m2/repository/org/opentest4j/opentest4j/1.2.0/opentest4j-1.2.0.jar:/Users/patrickloranger/.m2/repository/org/junit/platform/junit-platform-commons/1.7.2/junit-platform-commons-1.7.2.jar:/Users/patrickloranger/.m2/repository/org/junit/jupiter/junit-jupiter-engine/5.7.2/junit-jupiter-engine-5.7.2.jar:/Users/patrickloranger/.m2/repository/org/junit/platform/junit-platform-engine/1.7.2/junit-platform-engine-1.7.2.jar:/Users/patrickloranger/.m2/repository/io/github/bonigarcia/webdrivermanager/4.0.0/webdrivermanager-4.0.0.jar:/Users/patrickloranger/.m2/repository/org/slf4j/slf4j-api/1.7.30/slf4j-api-1.7.30.jar:/Users/patrickloranger/.m2/repository/commons-io/commons-io/2.6/commons-io-2.6.jar:/Users/patrickloranger/.m2/repository/com/google/code/gson/gson/2.8.6/gson-2.8.6.jar:/Users/patrickloranger/.m2/repository/org/apache/httpcomponents/client5/httpclient5/5.0/httpclient5-5.0.jar:/Users/patrickloranger/.m2/repository/org/apache/httpcomponents/core5/httpcore5/5.0/httpcore5-5.0.jar:/Users/patrickloranger/.m2/repository/org/apache/httpcomponents/core5/httpcore5-h2/5.0/httpcore5-h2-5.0.jar:/Users/patrickloranger/.m2/repository/commons-codec/commons-codec/1.13/commons-codec-1.13.jar:/Users/patrickloranger/.m2/repository/org/rauschig/jarchivelib/1.0.0/jarchivelib-1.0.0.jar:/Users/patrickloranger/.m2/repository/org/apache/commons/commons-compress/1.18/commons-compress-1.18.jar:/Users/patrickloranger/.m2/repository/org/jsoup/jsoup/1.13.1/jsoup-1.13.1.jar:/Users/patrickloranger/.m2/repository/org/apache/commons/commons-lang3/3.9/commons-lang3-3.9.jar:"/>
    <property name="java.vm.vendor" value="Homebrew"/>
    <property name="sun.arch.data.model" value="64"/>
    <property name="java.vendor.url" value="https://github.com/Homebrew/homebrew-core/issues"/>
    <property name="os.name" value="Mac OS X"/>
    <property name="java.vm.specification.version" value="16"/>
    <property name="sun.java.launcher" value="SUN_STANDARD"/>
    <property name="user.country" value="CA"/>
    <property name="sun.boot.library.path" value="/usr/local/Cellar/openjdk/16.0.1/libexec/openjdk.jdk/Contents/Home/lib"/>
    <property name="sun.java.command" value="/Users/patrickloranger/Documents/4. Summer Term 2021/SEG 3103/seg3103_playground/Assignment-3/BookstoreApp/target/surefire/surefirebooter11661617209800975927.jar /Users/patrickloranger/Documents/4. Summer Term 2021/SEG 3103/seg3103_playground/Assignment-3/BookstoreApp/target/surefire 2021-07-15T03-06-11_256-jvmRun1 surefire12339743333244490602tmp surefire_04687895157401479046tmp"/>
    <property name="http.nonProxyHosts" value="local|*.local|169.254/16|*.169.254/16"/>
    <property name="jdk.debug" value="release"/>
    <property name="surefire.test.class.path" value="/Users/patrickloranger/Documents/4. Summer Term 2021/SEG 3103/seg3103_playground/Assignment-3/BookstoreApp/target/test-classes:/Users/patrickloranger/Documents/4. Summer Term 2021/SEG 3103/seg3103_playground/Assignment-3/BookstoreApp/target/classes:/Users/patrickloranger/.m2/repository/io/cucumber/cucumber-java/4.2.6/cucumber-java-4.2.6.jar:/Users/patrickloranger/.m2/repository/io/cucumber/cucumber-core/4.2.6/cucumber-core-4.2.6.jar:/Users/patrickloranger/.m2/repository/io/cucumber/cucumber-html/0.2.7/cucumber-html-0.2.7.jar:/Users/patrickloranger/.m2/repository/io/cucumber/gherkin/5.1.0/gherkin-5.1.0.jar:/Users/patrickloranger/.m2/repository/io/cucumber/tag-expressions/1.1.1/tag-expressions-1.1.1.jar:/Users/patrickloranger/.m2/repository/io/cucumber/cucumber-expressions/6.2.0/cucumber-expressions-6.2.0.jar:/Users/patrickloranger/.m2/repository/io/cucumber/datatable/1.1.12/datatable-1.1.12.jar:/Users/patrickloranger/.m2/repository/io/cucumber/datatable-dependencies/1.1.12/datatable-dependencies-1.1.12.jar:/Users/patrickloranger/.m2/repository/io/cucumber/cucumber-junit/4.2.6/cucumber-junit-4.2.6.jar:/Users/patrickloranger/.m2/repository/junit/junit/4.12/junit-4.12.jar:/Users/patrickloranger/.m2/repository/org/hamcrest/hamcrest-core/1.3/hamcrest-core-1.3.jar:/Users/patrickloranger/.m2/repository/org/seleniumhq/selenium/selenium-java/3.141.59/selenium-java-3.141.59.jar:/Users/patrickloranger/.m2/repository/org/seleniumhq/selenium/selenium-api/3.141.59/selenium-api-3.141.59.jar:/Users/patrickloranger/.m2/repository/org/seleniumhq/selenium/selenium-chrome-driver/3.141.59/selenium-chrome-driver-3.141.59.jar:/Users/patrickloranger/.m2/repository/org/seleniumhq/selenium/selenium-edge-driver/3.141.59/selenium-edge-driver-3.141.59.jar:/Users/patrickloranger/.m2/repository/org/seleniumhq/selenium/selenium-firefox-driver/3.141.59/selenium-firefox-driver-3.141.59.jar:/Users/patrickloranger/.m2/repository/org/seleniumhq/selenium/selenium-ie-driver/3.141.59/selenium-ie-driver-3.141.59.jar:/Users/patrickloranger/.m2/repository/org/seleniumhq/selenium/selenium-opera-driver/3.141.59/selenium-opera-driver-3.141.59.jar:/Users/patrickloranger/.m2/repository/org/seleniumhq/selenium/selenium-remote-driver/3.141.59/selenium-remote-driver-3.141.59.jar:/Users/patrickloranger/.m2/repository/org/seleniumhq/selenium/selenium-safari-driver/3.141.59/selenium-safari-driver-3.141.59.jar:/Users/patrickloranger/.m2/repository/org/seleniumhq/selenium/selenium-support/3.141.59/selenium-support-3.141.59.jar:/Users/patrickloranger/.m2/repository/net/bytebuddy/byte-buddy/1.8.15/byte-buddy-1.8.15.jar:/Users/patrickloranger/.m2/repository/org/apache/commons/commons-exec/1.3/commons-exec-1.3.jar:/Users/patrickloranger/.m2/repository/com/google/guava/guava/25.0-jre/guava-25.0-jre.jar:/Users/patrickloranger/.m2/repository/com/google/code/findbugs/jsr305/1.3.9/jsr305-1.3.9.jar:/Users/patrickloranger/.m2/repository/org/checkerframework/checker-compat-qual/2.0.0/checker-compat-qual-2.0.0.jar:/Users/patrickloranger/.m2/repository/com/google/errorprone/error_prone_annotations/2.1.3/error_prone_annotations-2.1.3.jar:/Users/patrickloranger/.m2/repository/com/google/j2objc/j2objc-annotations/1.1/j2objc-annotations-1.1.jar:/Users/patrickloranger/.m2/repository/org/codehaus/mojo/animal-sniffer-annotations/1.14/animal-sniffer-annotations-1.14.jar:/Users/patrickloranger/.m2/repository/com/squareup/okhttp3/okhttp/3.11.0/okhttp-3.11.0.jar:/Users/patrickloranger/.m2/repository/com/squareup/okio/okio/1.14.0/okio-1.14.0.jar:/Users/patrickloranger/.m2/repository/org/seleniumhq/selenium/htmlunit-driver/2.33.2/htmlunit-driver-2.33.2.jar:/Users/patrickloranger/.m2/repository/net/sourceforge/htmlunit/htmlunit/2.33/htmlunit-2.33.jar:/Users/patrickloranger/.m2/repository/xalan/xalan/2.7.2/xalan-2.7.2.jar:/Users/patrickloranger/.m2/repository/xalan/serializer/2.7.2/serializer-2.7.2.jar:/Users/patrickloranger/.m2/repository/org/apache/commons/commons-text/1.4/commons-text-1.4.jar:/Users/patrickloranger/.m2/repository/org/apache/httpcomponents/httpmime/4.5.6/httpmime-4.5.6.jar:/Users/patrickloranger/.m2/repository/org/apache/httpcomponents/httpclient/4.5.6/httpclient-4.5.6.jar:/Users/patrickloranger/.m2/repository/org/apache/httpcomponents/httpcore/4.4.10/httpcore-4.4.10.jar:/Users/patrickloranger/.m2/repository/net/sourceforge/htmlunit/htmlunit-core-js/2.33/htmlunit-core-js-2.33.jar:/Users/patrickloranger/.m2/repository/net/sourceforge/htmlunit/neko-htmlunit/2.33/neko-htmlunit-2.33.jar:/Users/patrickloranger/.m2/repository/xerces/xercesImpl/2.12.0/xercesImpl-2.12.0.jar:/Users/patrickloranger/.m2/repository/xml-apis/xml-apis/1.4.01/xml-apis-1.4.01.jar:/Users/patrickloranger/.m2/repository/net/sourceforge/htmlunit/htmlunit-cssparser/1.2.0/htmlunit-cssparser-1.2.0.jar:/Users/patrickloranger/.m2/repository/commons-logging/commons-logging/1.2/commons-logging-1.2.jar:/Users/patrickloranger/.m2/repository/commons-net/commons-net/3.6/commons-net-3.6.jar:/Users/patrickloranger/.m2/repository/org/eclipse/jetty/websocket/websocket-client/9.4.12.v20180830/websocket-client-9.4.12.v20180830.jar:/Users/patrickloranger/.m2/repository/org/eclipse/jetty/jetty-client/9.4.12.v20180830/jetty-client-9.4.12.v20180830.jar:/Users/patrickloranger/.m2/repository/org/eclipse/jetty/jetty-http/9.4.12.v20180830/jetty-http-9.4.12.v20180830.jar:/Users/patrickloranger/.m2/repository/org/eclipse/jetty/jetty-xml/9.4.12.v20180830/jetty-xml-9.4.12.v20180830.jar:/Users/patrickloranger/.m2/repository/org/eclipse/jetty/jetty-util/9.4.12.v20180830/jetty-util-9.4.12.v20180830.jar:/Users/patrickloranger/.m2/repository/org/eclipse/jetty/jetty-io/9.4.12.v20180830/jetty-io-9.4.12.v20180830.jar:/Users/patrickloranger/.m2/repository/org/eclipse/jetty/websocket/websocket-common/9.4.12.v20180830/websocket-common-9.4.12.v20180830.jar:/Users/patrickloranger/.m2/repository/org/eclipse/jetty/websocket/websocket-api/9.4.12.v20180830/websocket-api-9.4.12.v20180830.jar:/Users/patrickloranger/.m2/repository/org/seleniumhq/selenium/selenium-server/3.141.59/selenium-server-3.141.59.jar:/Users/patrickloranger/.m2/repository/com/beust/jcommander/1.72/jcommander-1.72.jar:/Users/patrickloranger/.m2/repository/net/jcip/jcip-annotations/1.0/jcip-annotations-1.0.jar:/Users/patrickloranger/.m2/repository/org/seleniumhq/selenium/jetty-repacked/9.4.12.v20180830/jetty-repacked-9.4.12.v20180830.jar:/Users/patrickloranger/.m2/repository/javax/servlet/javax.servlet-api/3.1.0/javax.servlet-api-3.1.0.jar:/Users/patrickloranger/.m2/repository/org/yaml/snakeyaml/1.19/snakeyaml-1.19.jar:/Users/patrickloranger/.m2/repository/org/junit/jupiter/junit-jupiter-api/5.7.2/junit-jupiter-api-5.7.2.jar:/Users/patrickloranger/.m2/repository/org/apiguardian/apiguardian-api/1.1.0/apiguardian-api-1.1.0.jar:/Users/patrickloranger/.m2/repository/org/opentest4j/opentest4j/1.2.0/opentest4j-1.2.0.jar:/Users/patrickloranger/.m2/repository/org/junit/platform/junit-platform-commons/1.7.2/junit-platform-commons-1.7.2.jar:/Users/patrickloranger/.m2/repository/org/junit/jupiter/junit-jupiter-engine/5.7.2/junit-jupiter-engine-5.7.2.jar:/Users/patrickloranger/.m2/repository/org/junit/platform/junit-platform-engine/1.7.2/junit-platform-engine-1.7.2.jar:/Users/patrickloranger/.m2/repository/io/github/bonigarcia/webdrivermanager/4.0.0/webdrivermanager-4.0.0.jar:/Users/patrickloranger/.m2/repository/org/slf4j/slf4j-api/1.7.30/slf4j-api-1.7.30.jar:/Users/patrickloranger/.m2/repository/commons-io/commons-io/2.6/commons-io-2.6.jar:/Users/patrickloranger/.m2/repository/com/google/code/gson/gson/2.8.6/gson-2.8.6.jar:/Users/patrickloranger/.m2/repository/org/apache/httpcomponents/client5/httpclient5/5.0/httpclient5-5.0.jar:/Users/patrickloranger/.m2/repository/org/apache/httpcomponents/core5/httpcore5/5.0/httpcore5-5.0.jar:/Users/patrickloranger/.m2/repository/org/apache/httpcomponents/core5/httpcore5-h2/5.0/httpcore5-h2-5.0.jar:/Users/patrickloranger/.m2/repository/commons-codec/commons-codec/1.13/commons-codec-1.13.jar:/Users/patrickloranger/.m2/repository/org/rauschig/jarchivelib/1.0.0/jarchivelib-1.0.0.jar:/Users/patrickloranger/.m2/repository/org/apache/commons/commons-compress/1.18/commons-compress-1.18.jar:/Users/patrickloranger/.m2/repository/org/jsoup/jsoup/1.13.1/jsoup-1.13.1.jar:/Users/patrickloranger/.m2/repository/org/apache/commons/commons-lang3/3.9/commons-lang3-3.9.jar:"/>
    <property name="sun.cpu.endian" value="little"/>
    <property name="user.home" value="/Users/patrickloranger"/>
    <property name="user.language" value="en"/>
    <property name="java.specification.vendor" value="Oracle Corporation"/>
    <property name="java.version.date" value="2021-04-20"/>
    <property name="java.home" value="/usr/local/Cellar/openjdk/16.0.1/libexec/openjdk.jdk/Contents/Home"/>
    <property name="file.separator" value="/"/>
    <property name="basedir" value="/Users/patrickloranger/Documents/4. Summer Term 2021/SEG 3103/seg3103_playground/Assignment-3/BookstoreApp"/>
    <property name="java.vm.compressedOopsMode" value="Zero based"/>
    <property name="line.separator" value="&#10;"/>
    <property name="java.specification.name" value="Java Platform API Specification"/>
    <property name="java.vm.specification.vendor" value="Oracle Corporation"/>
    <property name="surefire.real.class.path" value="/Users/patrickloranger/Documents/4. Summer Term 2021/SEG 3103/seg3103_playground/Assignment-3/BookstoreApp/target/surefire/surefirebooter11661617209800975927.jar"/>
    <property name="sun.management.compiler" value="HotSpot 64-Bit Tiered Compilers"/>
    <property name="ftp.nonProxyHosts" value="local|*.local|169.254/16|*.169.254/16"/>
    <property name="java.runtime.version" value="16.0.1+0"/>
    <property name="user.name" value="patrickloranger"/>
    <property name="path.separator" value=":"/>
    <property name="os.version" value="11.4"/>
    <property name="java.runtime.name" value="OpenJDK Runtime Environment"/>
    <property name="file.encoding" value="UTF-8"/>
    <property name="java.vm.name" value="OpenJDK 64-Bit Server VM"/>
    <property name="java.vendor.version" value="Homebrew"/>
    <property name="localRepository" value="/Users/patrickloranger/.m2/repository"/>
    <property name="java.vendor.url.bug" value="https://github.com/Homebrew/homebrew-core/issues"/>
    <property name="java.io.tmpdir" value="/var/folders/g8/dmj548jj13z5twz58ykxpcnh0000gn/T/"/>
    <property name="java.version" value="16.0.1"/>
    <property name="user.dir" value="/Users/patrickloranger/Documents/4. Summer Term 2021/SEG 3103/seg3103_playground/Assignment-3/BookstoreApp"/>
    <property name="os.arch" value="x86_64"/>
    <property name="java.vm.specification.name" value="Java Virtual Machine Specification"/>
    <property name="java.library.path" value="/Users/patrickloranger/Library/Java/Extensions:/Library/Java/Extensions:/Network/Library/Java/Extensions:/System/Library/Java/Extensions:/usr/lib/java:."/>
    <property name="java.vm.info" value="mixed mode, sharing"/>
    <property name="java.vendor" value="Homebrew"/>
    <property name="java.vm.version" value="16.0.1+0"/>
    <property name="sun.io.unicode.encoding" value="UnicodeBig"/>
    <property name="socksNonProxyHosts" value="local|*.local|169.254/16|*.169.254/16"/>
    <property name="java.class.version" value="60.0"/>
  </properties>
  <testcase name="test1" classname="selenium.ExampleSeleniumTest" time="3.154"/>
  <testcase name="test2" classname="selenium.ExampleSeleniumTest" time="2.327"/>
  <testcase name="F1PositiveTest" classname="selenium.ExampleSeleniumTest" time="2.844"/>
  <testcase name="F1NegativeTest" classname="selenium.ExampleSeleniumTest" time="12.694"/>
  <testcase name="F2PositiveTest" classname="selenium.ExampleSeleniumTest" time="2.064"/>
  <testcase name="F2NegativeTest" classname="selenium.ExampleSeleniumTest" time="1.874"/>
  <testcase name="F3PositiveTest" classname="selenium.ExampleSeleniumTest" time="2.071"/>
  <testcase name="F3NegativeTest" classname="selenium.ExampleSeleniumTest" time="12.055"/>
  <testcase name="F4PositiveTest" classname="selenium.ExampleSeleniumTest" time="1.91"/>
  <testcase name="F4NegativeTest" classname="selenium.ExampleSeleniumTest" time="31.88"/>
  <testcase name="F5PositiveTest" classname="selenium.ExampleSeleniumTest" time="2.372"/>
  <testcase name="F5NegativeTest" classname="selenium.ExampleSeleniumTest" time="12.158"/>
  <testcase name="F6PositiveTest" classname="selenium.ExampleSeleniumTest" time="1.849"/>
  <testcase name="F6NegativeTest" classname="selenium.ExampleSeleniumTest" time="1.879">
    <failure message="expected: &lt;$0.00&gt; but was: &lt;$10.00&gt;" type="org.opentest4j.AssertionFailedError"><![CDATA[org.opentest4j.AssertionFailedError: expected: <$0.00> but was: <$10.00>
	at selenium.ExampleSeleniumTest.F6NegativeTest(ExampleSeleniumTest.java:310)
]]></failure>
    <system-err><![CDATA[Starting ChromeDriver 91.0.4472.101 (af52a90bf87030dd1523486a1cd3ae25c5d76c9b-refs/branch-heads/4472@{#1462}) on port 13708
Only local connections are allowed.
Please see https://chromedriver.chromium.org/security-considerations for suggestions on keeping ChromeDriver safe.
ChromeDriver was started successfully.
Jul. 15, 2021 3:07:47 A.M. org.openqa.selenium.remote.ProtocolHandshake createSession
INFO: Detected dialect: W3C
]]></system-err>
  </testcase>
  <testcase name="F7PositiveTest" classname="selenium.ExampleSeleniumTest" time="14.217"/>
  <testcase name="F7NegativeTest" classname="selenium.ExampleSeleniumTest" time="2.468"/>
  <testcase name="F8PositiveTest" classname="selenium.ExampleSeleniumTest" time="1.995"/>
  <testcase name="F8NegativeTest" classname="selenium.ExampleSeleniumTest" time="12.041"/>
  <testcase name="UseCaseTest1_1" classname="selenium.ExampleSeleniumTest" time="2.089"/>
  <testcase name="UseCaseTest1_2" classname="selenium.ExampleSeleniumTest" time="2.514"/>
  <testcase name="UseCaseTest2_1" classname="selenium.ExampleSeleniumTest" time="2.357"/>
  <testcase name="UseCaseTest3_1" classname="selenium.ExampleSeleniumTest" time="2.854"/>
  <testcase name="UseCaseTest3_2" classname="selenium.ExampleSeleniumTest" time="2.306">
    <error message="stale element reference: element is not attached to the page document&#10;  (Session info: chrome=91.0.4472.114)&#10;For documentation on this error, please visit: https://www.seleniumhq.org/exceptions/stale_element_reference.html&#10;Build info: version: &apos;3.141.59&apos;, revision: &apos;e82be7d358&apos;, time: &apos;2018-11-14T08:17:03&apos;&#10;System info: host: &apos;Patricks-MacBook-Pro.local&apos;, ip: &apos;2607:fea8:bfdf:e59d:c048:fc51:f9ea:11d1%en0&apos;, os.name: &apos;Mac OS X&apos;, os.arch: &apos;x86_64&apos;, os.version: &apos;11.4&apos;, java.version: &apos;16.0.1&apos;&#10;Driver info: org.openqa.selenium.chrome.ChromeDriver&#10;Capabilities {acceptInsecureCerts: false, browserName: chrome, browserVersion: 91.0.4472.114, chrome: {chromedriverVersion: 91.0.4472.101 (af52a90bf870..., userDataDir: /var/folders/g8/dmj548jj13z...}, goog:chromeOptions: {debuggerAddress: localhost:50078}, javascriptEnabled: true, networkConnectionEnabled: false, pageLoadStrategy: normal, platform: MAC, platformName: MAC, proxy: Proxy(), setWindowRect: true, strictFileInteractability: false, timeouts: {implicit: 0, pageLoad: 300000, script: 30000}, unhandledPromptBehavior: dismiss and notify, webauthn:extension:largeBlob: true, webauthn:virtualAuthenticators: true}&#10;Session ID: 1498a8243938ce9ab6e315feef6436f7" type="org.openqa.selenium.StaleElementReferenceException">org.openqa.selenium.StaleElementReferenceException: 
stale element reference: element is not attached to the page document
  (Session info: chrome=91.0.4472.114)
For documentation on this error, please visit: https://www.seleniumhq.org/exceptions/stale_element_reference.html
Build info: version: '3.141.59', revision: 'e82be7d358', time: '2018-11-14T08:17:03'
System info: host: 'Patricks-MacBook-Pro.local', ip: '2607:fea8:bfdf:e59d:c048:fc51:f9ea:11d1%en0', os.name: 'Mac OS X', os.arch: 'x86_64', os.version: '11.4', java.version: '16.0.1'
Driver info: org.openqa.selenium.chrome.ChromeDriver
Capabilities {acceptInsecureCerts: false, browserName: chrome, browserVersion: 91.0.4472.114, chrome: {chromedriverVersion: 91.0.4472.101 (af52a90bf870..., userDataDir: /var/folders/g8/dmj548jj13z...}, goog:chromeOptions: {debuggerAddress: localhost:50078}, javascriptEnabled: true, networkConnectionEnabled: false, pageLoadStrategy: normal, platform: MAC, platformName: MAC, proxy: Proxy(), setWindowRect: true, strictFileInteractability: false, timeouts: {implicit: 0, pageLoad: 300000, script: 30000}, unhandledPromptBehavior: dismiss and notify, webauthn:extension:largeBlob: true, webauthn:virtualAuthenticators: true}
Session ID: 1498a8243938ce9ab6e315feef6436f7
	at selenium.ExampleSeleniumTest.UseCaseTest3_2(ExampleSeleniumTest.java:516)
</error>
    <system-err><![CDATA[Starting ChromeDriver 91.0.4472.101 (af52a90bf87030dd1523486a1cd3ae25c5d76c9b-refs/branch-heads/4472@{#1462}) on port 29579
Only local connections are allowed.
Please see https://chromedriver.chromium.org/security-considerations for suggestions on keeping ChromeDriver safe.
ChromeDriver was started successfully.
Jul. 15, 2021 3:08:29 A.M. org.openqa.selenium.remote.ProtocolHandshake createSession
INFO: Detected dialect: W3C
]]></system-err>
  </testcase>
  <testcase name="UseCaseTest3_3" classname="selenium.ExampleSeleniumTest" time="2.281">
    <error message="stale element reference: element is not attached to the page document&#10;  (Session info: chrome=91.0.4472.114)&#10;For documentation on this error, please visit: https://www.seleniumhq.org/exceptions/stale_element_reference.html&#10;Build info: version: &apos;3.141.59&apos;, revision: &apos;e82be7d358&apos;, time: &apos;2018-11-14T08:17:03&apos;&#10;System info: host: &apos;Patricks-MacBook-Pro.local&apos;, ip: &apos;2607:fea8:bfdf:e59d:c048:fc51:f9ea:11d1%en0&apos;, os.name: &apos;Mac OS X&apos;, os.arch: &apos;x86_64&apos;, os.version: &apos;11.4&apos;, java.version: &apos;16.0.1&apos;&#10;Driver info: org.openqa.selenium.chrome.ChromeDriver&#10;Capabilities {acceptInsecureCerts: false, browserName: chrome, browserVersion: 91.0.4472.114, chrome: {chromedriverVersion: 91.0.4472.101 (af52a90bf870..., userDataDir: /var/folders/g8/dmj548jj13z...}, goog:chromeOptions: {debuggerAddress: localhost:50092}, javascriptEnabled: true, networkConnectionEnabled: false, pageLoadStrategy: normal, platform: MAC, platformName: MAC, proxy: Proxy(), setWindowRect: true, strictFileInteractability: false, timeouts: {implicit: 0, pageLoad: 300000, script: 30000}, unhandledPromptBehavior: dismiss and notify, webauthn:extension:largeBlob: true, webauthn:virtualAuthenticators: true}&#10;Session ID: a0b76aa0c89793bb256f28ec7903e79a" type="org.openqa.selenium.StaleElementReferenceException">org.openqa.selenium.StaleElementReferenceException: 
stale element reference: element is not attached to the page document
  (Session info: chrome=91.0.4472.114)
For documentation on this error, please visit: https://www.seleniumhq.org/exceptions/stale_element_reference.html
Build info: version: '3.141.59', revision: 'e82be7d358', time: '2018-11-14T08:17:03'
System info: host: 'Patricks-MacBook-Pro.local', ip: '2607:fea8:bfdf:e59d:c048:fc51:f9ea:11d1%en0', os.name: 'Mac OS X', os.arch: 'x86_64', os.version: '11.4', java.version: '16.0.1'
Driver info: org.openqa.selenium.chrome.ChromeDriver
Capabilities {acceptInsecureCerts: false, browserName: chrome, browserVersion: 91.0.4472.114, chrome: {chromedriverVersion: 91.0.4472.101 (af52a90bf870..., userDataDir: /var/folders/g8/dmj548jj13z...}, goog:chromeOptions: {debuggerAddress: localhost:50092}, javascriptEnabled: true, networkConnectionEnabled: false, pageLoadStrategy: normal, platform: MAC, platformName: MAC, proxy: Proxy(), setWindowRect: true, strictFileInteractability: false, timeouts: {implicit: 0, pageLoad: 300000, script: 30000}, unhandledPromptBehavior: dismiss and notify, webauthn:extension:largeBlob: true, webauthn:virtualAuthenticators: true}
Session ID: a0b76aa0c89793bb256f28ec7903e79a
	at selenium.ExampleSeleniumTest.UseCaseTest3_3(ExampleSeleniumTest.java:548)
</error>
    <system-err><![CDATA[Starting ChromeDriver 91.0.4472.101 (af52a90bf87030dd1523486a1cd3ae25c5d76c9b-refs/branch-heads/4472@{#1462}) on port 35263
Only local connections are allowed.
Please see https://chromedriver.chromium.org/security-considerations for suggestions on keeping ChromeDriver safe.
ChromeDriver was started successfully.
Jul. 15, 2021 3:08:32 A.M. org.openqa.selenium.remote.ProtocolHandshake createSession
INFO: Detected dialect: W3C
]]></system-err>
  </testcase>
  <testcase name="UseCaseTest4_1" classname="selenium.ExampleSeleniumTest" time="1.849"/>
  <testcase name="UseCaseTest4_2" classname="selenium.ExampleSeleniumTest" time="1.625"/>
  <testcase name="UseCaseTest4_3" classname="selenium.ExampleSeleniumTest" time="1.934"/>
  <testcase name="UseCaseTest5_1" classname="selenium.ExampleSeleniumTest" time="13.319"/>
  <testcase name="UseCaseTest6_1" classname="selenium.ExampleSeleniumTest" time="1.783"/>
  <testcase name="UseCaseTest6_2" classname="selenium.ExampleSeleniumTest" time="2.016"/>
  <testcase name="UseCaseTest7_1" classname="selenium.ExampleSeleniumTest" time="2.063"/>
  <testcase name="UseCaseTest8_1" classname="selenium.ExampleSeleniumTest" time="2.207"/>
  <testcase name="UseCaseTest8_2" classname="selenium.ExampleSeleniumTest" time="12.752"/>
  <testcase name="UseCaseTest9_1" classname="selenium.ExampleSeleniumTest" time="2.104"/>
  <testcase name="UseCaseTest10_1" classname="selenium.ExampleSeleniumTest" time="2.449"/>
</testsuite>